This is pdfTeX, Version 3.141592653-2.6-1.40.26 (TeX Live 2024) (preloaded format=pdflatex 2024.9.20)  9 APR 2025 12:55
entering extended mode
 restricted \write18 enabled.
 file:line:error style messages enabled.
 %&-line parsing enabled.
**sqite.tex
(./sqite.tex
LaTeX2e <2023-11-01> patch level 1
L3 programming layer <2024-02-20>
(/usr/local/texlive/2024/texmf-dist/tex/latex/revtex4-1/revtex4-1.cls
Document Class: revtex4-1 2020/09/30 4.1s (http://publish.aps.org/revtex4/ for 
documentation)
 Copyright (c) 2009 The American Physical Society.
 mailto:revtex@aps.org
 Licensed under the LPPL:
http://www.ctan.org/tex-archive/macros/latex/base/lppl.txt
 Arthur Ogawa <arthur_ogawa at sbcglobal dot net>
 Based on work by David Carlisle <david at dcarlisle.demon.co.uk>.
ltxutil[2020/09/30 4.1s utilities package (portions licensed from W. E. Baxter 
web at superscript.com)]
LaTeX Info: Redefining \@centercr on input line 346.
Class revtex4-1 Info: Repairing hyperref-unfriendly LaTeX definition of \mpfoot
note on input line 471.
Class revtex4-1 Info: Repairing broken LateX \@sect on input line 793.
\intertabularlinepenalty=\count188
\@tbpen=\count189
\@arstrutbox@hline=\box51
Class revtex4-1 Info: Repairing broken LaTeX \@xbitor on input line 1824.
Class revtex4-1 Info: Making \typeout \long on input line 2089.
ltxfront[2020/09/30 4.1s frontmatter package (AO,DPC)]
\c@affil=\count190
\c@collab=\count191
\absbox=\box52
ltxgrid[2020/09/30 4.1s page grid package (portions licensed from W. E. Baxter 
web at superscript.com)]
\c@linecount=\count192
\output@latex=\toks17
\box@size@1=\box53
\box@size@2=\box54
\@protection@box=\box55
\@topmark@saved=\toks18
\footins@saved=\box56
\footins@recovered=\box57
\column@recovered=\box58
\pagesofar=\box59
\footsofar=\box60
\pagegrid@col=\count193
Class revtex4-1 Info: Overriding \@vspace, \@vspacer, \@no@pgbk, \@newline, and
 \\  on input line 5655.
\c@part=\count194
\c@section=\count195
\c@subsection=\count196
\c@subsubsection=\count197
\c@paragraph=\count198
\c@subparagraph=\count199
\abovecaptionskip=\skip48
\belowcaptionskip=\skip49
\c@figure=\count266
\fbox@1=\box61
\c@table=\count267
\fbox@2=\box62
\c@video=\count268
\fbox@4=\box63
\@bibdataout=\write3
\widetext@top=\box64
\widetext@bot=\box65
Class revtex4-1 Info: Selecting society aip on input line 7616.
(/usr/local/texlive/2024/texmf-dist/tex/latex/revtex4-1/aip4-1.rtx
File: aip4-1.rtx 2020/09/30 4.1s AIP substyle for REVTeX
Class revtex4-1 Info: RevTeX society AIP selected on input line 64.
)
Class revtex4-1 Info: Selecting journal jcp on input line 7618.

Using journal substyle jcp.
Class revtex4-1 Info: Reading file aps10pt4-1.rtx on input line 7621.
(/usr/local/texlive/2024/texmf-dist/tex/latex/revtex4-1/aps10pt4-1.rtx
File: aps10pt4-1 2020/09/30 4.1s (http://publish.aps.org/revtex4/ for documenta
tion)
Class revtex4-1 Info: RevTeX pointsize 10pt selected on input line 30.
)
Class revtex4-1 Info: Overriding 10pt on input line 7621.

(/usr/local/texlive/2024/texmf-dist/tex/latex/textcase/textcase.sty
Package: textcase 2023/07/27 v1.04 Text only upper/lower case changing (DPC)
Package textcase Info: Defining Legacy names on input line 20.
)
(/usr/local/texlive/2024/texmf-dist/tex/latex/amsfonts/amssymb.sty
Package: amssymb 2013/01/14 v3.01 AMS font symbols

(/usr/local/texlive/2024/texmf-dist/tex/latex/amsfonts/amsfonts.sty
Package: amsfonts 2013/01/14 v3.01 Basic AMSFonts support
\@emptytoks=\toks19
\symAMSa=\mathgroup4
\symAMSb=\mathgroup5
LaTeX Font Info:    Redeclaring math symbol \hbar on input line 98.
LaTeX Font Info:    Overwriting math alphabet `\mathfrak' in version `bold'
(Font)                  U/euf/m/n --> U/euf/b/n on input line 106.
))
(/usr/local/texlive/2024/texmf-dist/tex/latex/amsmath/amsmath.sty
Package: amsmath 2023/05/13 v2.17o AMS math features
\@mathmargin=\skip50

For additional information on amsmath, use the `?' option.
(/usr/local/texlive/2024/texmf-dist/tex/latex/amsmath/amstext.sty
Package: amstext 2021/08/26 v2.01 AMS text

(/usr/local/texlive/2024/texmf-dist/tex/latex/amsmath/amsgen.sty
File: amsgen.sty 1999/11/30 v2.0 generic functions
\@emptytoks=\toks20
\ex@=\dimen140
)
LaTeX Info: Redefining \text on input line 28.
)
(/usr/local/texlive/2024/texmf-dist/tex/latex/amsmath/amsbsy.sty
Package: amsbsy 1999/11/29 v1.2d Bold Symbols
\pmbraise@=\dimen141
)
(/usr/local/texlive/2024/texmf-dist/tex/latex/amsmath/amsopn.sty
Package: amsopn 2022/04/08 v2.04 operator names
)
\inf@bad=\count269
LaTeX Info: Redefining \frac on input line 234.
\uproot@=\count270
\leftroot@=\count271
LaTeX Info: Redefining \overline on input line 399.
LaTeX Info: Redefining \colon on input line 410.
\classnum@=\count272
\DOTSCASE@=\count273
LaTeX Info: Redefining \ldots on input line 496.
LaTeX Info: Redefining \dots on input line 499.
LaTeX Info: Redefining \cdots on input line 620.
\Mathstrutbox@=\box66
\strutbox@=\box67
LaTeX Info: Redefining \big on input line 722.
LaTeX Info: Redefining \Big on input line 723.
LaTeX Info: Redefining \bigg on input line 724.
LaTeX Info: Redefining \Bigg on input line 725.
\big@size=\dimen142
LaTeX Font Info:    Redeclaring font encoding OML on input line 743.
LaTeX Font Info:    Redeclaring font encoding OMS on input line 744.
\macc@depth=\count274
LaTeX Info: Redefining \bmod on input line 905.
LaTeX Info: Redefining \pmod on input line 910.
LaTeX Info: Redefining \smash on input line 940.
LaTeX Info: Redefining \relbar on input line 970.
LaTeX Info: Redefining \Relbar on input line 971.
\c@MaxMatrixCols=\count275
\dotsspace@=\muskip16
\c@parentequation=\count276
\dspbrk@lvl=\count277
\tag@help=\toks21
\row@=\count278
\column@=\count279
\maxfields@=\count280
\andhelp@=\toks22
\eqnshift@=\dimen143
\alignsep@=\dimen144
\tagshift@=\dimen145
\tagwidth@=\dimen146
\totwidth@=\dimen147
\lineht@=\dimen148
\@envbody=\toks23
\multlinegap=\skip51
\multlinetaggap=\skip52
\mathdisplay@stack=\toks24
LaTeX Info: Redefining \[ on input line 2953.
LaTeX Info: Redefining \] on input line 2954.
)
(/usr/local/texlive/2024/texmf-dist/tex/latex/url/url.sty
\Urlmuskip=\muskip17
Package: url 2013/09/16  ver 3.4  Verb mode for urls, etc.
)
(/usr/local/texlive/2024/texmf-dist/tex/latex/natbib/natbib.sty
Package: natbib 2010/09/13 8.31b (PWD, AO)
\bibhang=\skip53
\bibsep=\skip54
LaTeX Info: Redefining \cite on input line 694.
\c@NAT@ctr=\count281
)
Class revtex4-1 Info: Repairing natbib's \BibitemShut on input line 7623.

(/usr/local/texlive/2024/texmf-dist/tex/latex/revtex4-1/revsymb4-1.sty
Package: revsymb4-1 2020/09/30 4.1s (http://publish.aps.org/revtex4/ for docume
ntation)
LaTeX Info: Redefining \frak on input line 95.
LaTeX Info: Redefining \Bbb on input line 111.
LaTeX Info: Redefining \REV@mathfrak on input line 119.
))
(/usr/local/texlive/2024/texmf-dist/tex/latex/graphics/graphicx.sty
Package: graphicx 2021/09/16 v1.2d Enhanced LaTeX Graphics (DPC,SPQR)

(/usr/local/texlive/2024/texmf-dist/tex/latex/graphics/keyval.sty
Package: keyval 2022/05/29 v1.15 key=value parser (DPC)
\KV@toks@=\toks25
)
(/usr/local/texlive/2024/texmf-dist/tex/latex/graphics/graphics.sty
Package: graphics 2022/03/10 v1.4e Standard LaTeX Graphics (DPC,SPQR)

(/usr/local/texlive/2024/texmf-dist/tex/latex/graphics/trig.sty
Package: trig 2021/08/11 v1.11 sin cos tan (DPC)
)
(/usr/local/texlive/2024/texmf-dist/tex/latex/graphics-cfg/graphics.cfg
File: graphics.cfg 2016/06/04 v1.11 sample graphics configuration
)
Package graphics Info: Driver file: pdftex.def on input line 107.

(/usr/local/texlive/2024/texmf-dist/tex/latex/graphics-def/pdftex.def
File: pdftex.def 2022/09/22 v1.2b Graphics/color driver for pdftex
))
\Gin@req@height=\dimen149
\Gin@req@width=\dimen150
)
(/usr/local/texlive/2024/texmf-dist/tex/latex/tools/dcolumn.sty
Package: dcolumn 2023/07/08 v1.06 decimal alignment package (DPC)

(/usr/local/texlive/2024/texmf-dist/tex/latex/tools/array.sty
Package: array 2023/10/16 v2.5g Tabular extension package (FMi)
\col@sep=\dimen151
\ar@mcellbox=\box68
\extrarowheight=\dimen152
\NC@list=\toks26
\extratabsurround=\skip55
\backup@length=\skip56
\ar@cellbox=\box69
))
(/usr/local/texlive/2024/texmf-dist/tex/latex/braket/braket.sty)
(/usr/local/texlive/2024/texmf-dist/tex/latex/multirow/multirow.sty
Package: multirow 2021/03/15 v2.8 Span multiple rows of a table
\multirow@colwidth=\skip57
\multirow@cntb=\count282
\multirow@dima=\skip58
\bigstrutjot=\dimen153
)
(/usr/local/texlive/2024/texmf-dist/tex/latex/threeparttable/threeparttable.sty
Package: threeparttable 2003/06/13  v 3.0
\@tempboxb=\box70
) (/usr/local/texlive/2024/texmf-dist/tex/latex/tools/xspace.sty
Package: xspace 2014/10/28 v1.13 Space after command names (DPC,MH)
)
(/usr/local/texlive/2024/texmf-dist/tex/latex/tools/verbatim.sty
Package: verbatim 2023-11-06 v1.5v LaTeX2e package for verbatim enhancements
\every@verbatim=\toks27
\verbatim@line=\toks28
\verbatim@in@stream=\read2
)
(/usr/local/texlive/2024/texmf-dist/tex/latex/mhchem/mhchem.sty
Package: mhchem 2024/01/29 v4.10 for typesetting chemical formulae

(/usr/local/texlive/2024/texmf-dist/tex/latex/l3kernel/expl3.sty
Package: expl3 2024-02-20 L3 programming layer (loader) 

(/usr/local/texlive/2024/texmf-dist/tex/latex/l3backend/l3backend-pdftex.def
File: l3backend-pdftex.def 2024-02-20 L3 backend support: PDF output (pdfTeX)
\l__color_backend_stack_int=\count283
\l__pdf_internal_box=\box71
))
(/usr/local/texlive/2024/texmf-dist/tex/latex/l3packages/l3keys2e/l3keys2e.sty
Package: l3keys2e 2024-02-18 LaTeX2e option processing using LaTeX3 keys
) (/usr/local/texlive/2024/texmf-dist/tex/latex/tools/calc.sty
Package: calc 2023/07/08 v4.3 Infix arithmetic (KKT,FJ)
\calc@Acount=\count284
\calc@Bcount=\count285
\calc@Adimen=\dimen154
\calc@Bdimen=\dimen155
\calc@Askip=\skip59
\calc@Bskip=\skip60
LaTeX Info: Redefining \setlength on input line 80.
LaTeX Info: Redefining \addtolength on input line 81.
\calc@Ccount=\count286
\calc@Cskip=\skip61
)
(/usr/local/texlive/2024/texmf-dist/tex/latex/chemgreek/chemgreek.sty
(/usr/local/texlive/2024/texmf-dist/tex/latex/l3packages/xparse/xparse.sty
Package: xparse 2024-02-18 L3 Experimental document command parser
)
Package: chemgreek 2020/01/16 v1.1a interface for upright Greek letters for use
 in chemistry (CN)
\l__chemgreek_tmpa_int=\count287
\g__chemgreek_tmpa_int=\count288
)
\l__mhchem_ce_distanceFromLastComma_int=\count289
\__mhchem_arrow_extPgfLength_skip=\skip62
\mhchem@minispace@tmp=\skip63
\mhchem@minibackspace@tmp=\skip64
\mhchem@bondwidth=\skip65
\mhchem@bondheight=\skip66
\mhchem@smallbondwidth@tmpA=\skip67
\mhchem@smallbondwidth@tmpB=\skip68
\mhchem@smallbondwidth=\skip69
\mhchem@bondtmp@minussidebearingleft=\skip70
\mhchem@bondtmp@minussidebearingright=\skip71
\l__mhchem_option_version_int=\count290
\mhchem@option@minusmathsidebearingleft=\dimen156
\mhchem@option@minusmathsidebearingright=\dimen157
\mhchem@option@minustextsidebearingleft=\dimen158
\mhchem@option@minustextsidebearingright=\dimen159


Package mhchem Warning: You did not specify a 'version' option for the mhchem
(mhchem)                package. Please write \usepackage[version=4]{mhchem}
(mhchem)                in your preamble (or any lower number for
(mhchem)                compatibility mode), because you might get slightly
(mhchem)                different output with the same input in future versions
.

) (/usr/local/texlive/2024/texmf-dist/tex/generic/soul/soul.sty
Package: soul 2023-06-14 v3.1 Permit use of UTF-8 characters in soul (HO)

(/usr/local/texlive/2024/texmf-dist/tex/generic/soul/soul-ori.sty
Package: soul-ori 2023-06-14 v3.1 letterspacing/underlining (mf)
\SOUL@word=\toks29
\SOUL@lasttoken=\toks30
\SOUL@syllable=\toks31
\SOUL@cmds=\toks32
\SOUL@buffer=\toks33
\SOUL@token=\toks34
\SOUL@syllgoal=\dimen160
\SOUL@syllwidth=\dimen161
\SOUL@charkern=\dimen162
\SOUL@hyphkern=\dimen163
\SOUL@dimen=\dimen164
\SOUL@dimeni=\dimen165
\SOUL@minus=\count291
\SOUL@comma=\count292
\SOUL@apo=\count293
\SOUL@grave=\count294
\SOUL@spaceskip=\skip72
\SOUL@ttwidth=\dimen166
\SOUL@uldp=\dimen167
\SOUL@ulht=\dimen168
)
(/usr/local/texlive/2024/texmf-dist/tex/generic/infwarerr/infwarerr.sty
Package: infwarerr 2019/12/03 v1.5 Providing info/warning/error messages (HO)
)
(/usr/local/texlive/2024/texmf-dist/tex/generic/etexcmds/etexcmds.sty
Package: etexcmds 2019/12/15 v1.7 Avoid name clashes with e-TeX commands (HO)

(/usr/local/texlive/2024/texmf-dist/tex/generic/iftex/iftex.sty
Package: iftex 2022/02/03 v1.0f TeX engine tests
)))
(/usr/local/texlive/2024/texmf-dist/tex/generic/ulem/ulem.sty
\UL@box=\box72
\UL@hyphenbox=\box73
\UL@skip=\skip73
\UL@hook=\toks35
\UL@height=\dimen169
\UL@pe=\count295
\UL@pixel=\dimen170
\ULC@box=\box74
Package: ulem 2019/11/18
\ULdepth=\dimen171
)
(/usr/local/texlive/2024/texmf-dist/tex/latex/siunitx/siunitx.sty
Package: siunitx 2024-02-15 v3.3.12 A comprehensive (SI) units package
\l__siunitx_number_uncert_offset_int=\count296
\l__siunitx_number_exponent_fixed_int=\count297
\l__siunitx_number_min_decimal_int=\count298
\l__siunitx_number_min_integer_int=\count299
\l__siunitx_number_round_precision_int=\count300
\l__siunitx_number_lower_threshold_int=\count301
\l__siunitx_number_upper_threshold_int=\count302
\l__siunitx_number_group_first_int=\count303
\l__siunitx_number_group_size_int=\count304
\l__siunitx_number_group_minimum_int=\count305
\l__siunitx_angle_tmp_dim=\dimen172
\l__siunitx_angle_marker_box=\box75
\l__siunitx_angle_unit_box=\box76
\l__siunitx_compound_count_int=\count306

(/usr/local/texlive/2024/texmf-dist/tex/latex/translations/translations.sty
Package: translations 2022/02/05 v1.12 internationalization of LaTeX2e packages
 (CN)

(/usr/local/texlive/2024/texmf-dist/tex/latex/etoolbox/etoolbox.sty
Package: etoolbox 2020/10/05 v2.5k e-TeX tools for LaTeX (JAW)
\etb@tempcnta=\count307
)
(/usr/local/texlive/2024/texmf-dist/tex/generic/pdftexcmds/pdftexcmds.sty
Package: pdftexcmds 2020-06-27 v0.33 Utility functions of pdfTeX for LuaTeX (HO
)

(/usr/local/texlive/2024/texmf-dist/tex/generic/ltxcmds/ltxcmds.sty
Package: ltxcmds 2023-12-04 v1.26 LaTeX kernel commands for general use (HO)
)
Package pdftexcmds Info: \pdf@primitive is available.
Package pdftexcmds Info: \pdf@ifprimitive is available.
Package pdftexcmds Info: \pdfdraftmode found.
))
\l__siunitx_table_tmp_box=\box77
\l__siunitx_table_tmp_dim=\dimen173
\l__siunitx_table_column_width_dim=\dimen174
\l__siunitx_table_integer_box=\box78
\l__siunitx_table_decimal_box=\box79
\l__siunitx_table_uncert_box=\box80
\l__siunitx_table_before_box=\box81
\l__siunitx_table_after_box=\box82
\l__siunitx_table_before_dim=\dimen175
\l__siunitx_table_carry_dim=\dimen176
\l__siunitx_unit_tmp_int=\count308
\l__siunitx_unit_position_int=\count309
\l__siunitx_unit_total_int=\count310
)
(/usr/local/texlive/2024/texmf-dist/tex/latex/lineno/lineno.sty
Package: lineno 2023/05/20 line numbers on paragraphs v5.3

(/usr/local/texlive/2024/texmf-dist/tex/latex/kvoptions/kvoptions.sty
Package: kvoptions 2022-06-15 v3.15 Key value format for package options (HO)

(/usr/local/texlive/2024/texmf-dist/tex/latex/kvsetkeys/kvsetkeys.sty
Package: kvsetkeys 2022-10-05 v1.19 Key value parser (HO)
))
\linenopenalty=\count311
\output=\toks36
\linenoprevgraf=\count312
\linenumbersep=\dimen177
\linenumberwidth=\dimen178
\c@linenumber=\count313
\c@pagewiselinenumber=\count314
\c@LN@truepage=\count315
\c@internallinenumber=\count316
\c@internallinenumbers=\count317
\quotelinenumbersep=\dimen179
\bframerule=\dimen180
\bframesep=\dimen181
\bframebox=\box83
\linenoamsmath@ams@eqpen=\count318
LaTeX Info: Redefining \\ on input line 3180.
)
(/usr/local/texlive/2024/texmf-dist/tex/latex/hyperref/hyperref.sty
Package: hyperref 2024-01-20 v7.01h Hypertext links for LaTeX

(/usr/local/texlive/2024/texmf-dist/tex/generic/kvdefinekeys/kvdefinekeys.sty
Package: kvdefinekeys 2019-12-19 v1.6 Define keys (HO)
)
(/usr/local/texlive/2024/texmf-dist/tex/generic/pdfescape/pdfescape.sty
Package: pdfescape 2019/12/09 v1.15 Implements pdfTeX's escape features (HO)
)
(/usr/local/texlive/2024/texmf-dist/tex/latex/hycolor/hycolor.sty
Package: hycolor 2020-01-27 v1.10 Color options for hyperref/bookmark (HO)
)
(/usr/local/texlive/2024/texmf-dist/tex/latex/auxhook/auxhook.sty
Package: auxhook 2019-12-17 v1.6 Hooks for auxiliary files (HO)
)
(/usr/local/texlive/2024/texmf-dist/tex/latex/hyperref/nameref.sty
Package: nameref 2023-11-26 v2.56 Cross-referencing by name of section

(/usr/local/texlive/2024/texmf-dist/tex/latex/refcount/refcount.sty
Package: refcount 2019/12/15 v3.6 Data extraction from label references (HO)
)
(/usr/local/texlive/2024/texmf-dist/tex/generic/gettitlestring/gettitlestring.s
ty
Package: gettitlestring 2019/12/15 v1.6 Cleanup title references (HO)
)

Package nameref Warning: The definition of \label has changed! 
(nameref)                Check your packages! 
(nameref)                Replacing it with the kernel definition on input line 
149.

\c@section@level=\count319
)
\@linkdim=\dimen182
\Hy@linkcounter=\count320
\Hy@pagecounter=\count321
 (/usr/local/texlive/2024/texmf-dist/tex/latex/hyperref/pd1enc.def
File: pd1enc.def 2024-01-20 v7.01h Hyperref: PDFDocEncoding definition (HO)
Now handling font encoding PD1 ...
... no UTF-8 mapping file for font encoding PD1
)
(/usr/local/texlive/2024/texmf-dist/tex/generic/intcalc/intcalc.sty
Package: intcalc 2019/12/15 v1.3 Expandable calculations with integers (HO)
)
\Hy@SavedSpaceFactor=\count322

(/usr/local/texlive/2024/texmf-dist/tex/latex/hyperref/puenc.def
File: puenc.def 2024-01-20 v7.01h Hyperref: PDF Unicode definition (HO)
Now handling font encoding PU ...
... no UTF-8 mapping file for font encoding PU
)
Package hyperref Info: Option `colorlinks' set `true' on input line 4062.
Package hyperref Info: Hyper figures OFF on input line 4179.
Package hyperref Info: Link nesting OFF on input line 4184.
Package hyperref Info: Hyper index ON on input line 4187.
Package hyperref Info: Plain pages OFF on input line 4194.
Package hyperref Info: Backreferencing OFF on input line 4199.
Package hyperref Info: Implicit mode ON; LaTeX internals redefined.
Package hyperref Info: Bookmarks ON on input line 4446.
LaTeX Info: Redefining \href on input line 4695.
\c@Hy@tempcnt=\count323
LaTeX Info: Redefining \url on input line 4784.
\XeTeXLinkMargin=\dimen183

(/usr/local/texlive/2024/texmf-dist/tex/generic/bitset/bitset.sty
Package: bitset 2019/12/09 v1.3 Handle bit-vector datatype (HO)

(/usr/local/texlive/2024/texmf-dist/tex/generic/bigintcalc/bigintcalc.sty
Package: bigintcalc 2019/12/15 v1.5 Expandable calculations on big integers (HO
)
))
\Fld@menulength=\count324
\Field@Width=\dimen184
\Fld@charsize=\dimen185
Package hyperref Info: Hyper figures OFF on input line 6063.
Package hyperref Info: Link nesting OFF on input line 6068.
Package hyperref Info: Hyper index ON on input line 6071.
Package hyperref Info: backreferencing OFF on input line 6078.
Package hyperref Info: Link coloring ON on input line 6081.
Package hyperref Info: Link coloring with OCG OFF on input line 6088.
Package hyperref Info: PDF/A mode OFF on input line 6093.

(/usr/local/texlive/2024/texmf-dist/tex/latex/base/atbegshi-ltx.sty
Package: atbegshi-ltx 2021/01/10 v1.0c Emulation of the original atbegshi
package with kernel methods
)
\Hy@abspage=\count325
\c@Item=\count326
\c@Hfootnote=\count327
)
Package hyperref Info: Driver (autodetected): hpdftex.

(/usr/local/texlive/2024/texmf-dist/tex/latex/hyperref/hpdftex.def
File: hpdftex.def 2024-01-20 v7.01h Hyperref driver for pdfTeX

(/usr/local/texlive/2024/texmf-dist/tex/latex/base/atveryend-ltx.sty
Package: atveryend-ltx 2020/08/19 v1.0a Emulation of the original atveryend pac
kage
with kernel methods
)
\Fld@listcount=\count328
\c@bookmark@seq@number=\count329

(/usr/local/texlive/2024/texmf-dist/tex/latex/rerunfilecheck/rerunfilecheck.sty
Package: rerunfilecheck 2022-07-10 v1.10 Rerun checks for auxiliary files (HO)

(/usr/local/texlive/2024/texmf-dist/tex/generic/uniquecounter/uniquecounter.sty
Package: uniquecounter 2019/12/15 v1.4 Provide unlimited unique counter (HO)
)
Package uniquecounter Info: New unique counter `rerunfilecheck' on input line 2
85.
)
\Hy@SectionHShift=\skip74
) (/usr/local/texlive/2024/texmf-dist/tex/latex/mathtools/mathtools.sty
Package: mathtools 2024/03/11 v1.30 mathematical typesetting tools

(/usr/local/texlive/2024/texmf-dist/tex/latex/mathtools/mhsetup.sty
Package: mhsetup 2021/03/18 v1.4 programming setup (MH)
)
\g_MT_multlinerow_int=\count330
\l_MT_multwidth_dim=\dimen186
\origjot=\skip75
\l_MT_shortvdotswithinadjustabove_dim=\dimen187
\l_MT_shortvdotswithinadjustbelow_dim=\dimen188
\l_MT_above_intertext_sep=\dimen189
\l_MT_below_intertext_sep=\dimen190
\l_MT_above_shortintertext_sep=\dimen191
\l_MT_below_shortintertext_sep=\dimen192
\xmathstrut@box=\box84
\xmathstrut@dim=\dimen193
)
(/usr/local/texlive/2024/texmf-dist/tex/latex/xcolor/xcolor.sty
Package: xcolor 2023/11/15 v3.01 LaTeX color extensions (UK)

(/usr/local/texlive/2024/texmf-dist/tex/latex/graphics-cfg/color.cfg
File: color.cfg 2016/01/02 v1.6 sample color configuration
)
Package xcolor Info: Driver file: pdftex.def on input line 274.

(/usr/local/texlive/2024/texmf-dist/tex/latex/graphics/mathcolor.ltx)
Package xcolor Info: Model `cmy' substituted by `cmy0' on input line 1350.
Package xcolor Info: Model `hsb' substituted by `rgb' on input line 1354.
Package xcolor Info: Model `RGB' extended on input line 1366.
Package xcolor Info: Model `HTML' substituted by `rgb' on input line 1368.
Package xcolor Info: Model `Hsb' substituted by `hsb' on input line 1369.
Package xcolor Info: Model `tHsb' substituted by `hsb' on input line 1370.
Package xcolor Info: Model `HSB' substituted by `hsb' on input line 1371.
Package xcolor Info: Model `Gray' substituted by `gray' on input line 1372.
Package xcolor Info: Model `wave' substituted by `hsb' on input line 1373.
)
(/usr/local/texlive/2024/texmf-dist/tex/latex/base/ifthen.sty
Package: ifthen 2022/04/13 v1.1d Standard LaTeX ifthen package (DPC)
)
(/usr/local/texlive/2024/texmf-dist/tex/latex/newtx/newtxtext.sty
Package: newtxtext 2024/02/08 v1.738(Michael Sharpe) latex and unicode latex su
pport for TeXGyreTermesX

`newtxtext' v1.738, 2024/02/08 Text macros taking advantage of TeXGyre Termes a
nd its extensions (msharpe)
(/usr/local/texlive/2024/texmf-dist/tex/latex/xpatch/xpatch.sty
Package: xpatch 2020/03/25 v0.3a Extending etoolbox patching commands
)
(/usr/local/texlive/2024/texmf-dist/tex/latex/xkeyval/xkeyval.sty
Package: xkeyval 2022/06/16 v2.9 package option processing (HA)

(/usr/local/texlive/2024/texmf-dist/tex/generic/xkeyval/xkeyval.tex
(/usr/local/texlive/2024/texmf-dist/tex/generic/xkeyval/xkvutils.tex
\XKV@toks=\toks37
\XKV@tempa@toks=\toks38
)
\XKV@depth=\count331
File: xkeyval.tex 2014/12/03 v2.7a key=value parser (HA)
))
(/usr/local/texlive/2024/texmf-dist/tex/latex/base/textcomp.sty
Package: textcomp 2020/02/02 v2.0n Standard LaTeX package
)
(/usr/local/texlive/2024/texmf-dist/tex/generic/xstring/xstring.sty
(/usr/local/texlive/2024/texmf-dist/tex/generic/xstring/xstring.tex
\xs_counta=\count332
\xs_countb=\count333
)
Package: xstring 2023/08/22 v1.86 String manipulations (CT)
)
(/usr/local/texlive/2024/texmf-dist/tex/latex/carlisle/scalefnt.sty)
LaTeX Font Info:    Setting ntxLF sub-encoding to TS1/0 on input line 24.
LaTeX Font Info:    Setting ntxTLF sub-encoding to TS1/0 on input line 24.
LaTeX Font Info:    Setting ntxOsF sub-encoding to TS1/0 on input line 24.
LaTeX Font Info:    Setting ntxTOsF sub-encoding to TS1/0 on input line 24.

(/usr/local/texlive/2024/texmf-dist/tex/generic/kastrup/binhex.tex)
\ntx@tmpcnta=\count334
\ntx@cnt=\count335

(/usr/local/texlive/2024/texmf-dist/tex/latex/fontaxes/fontaxes.sty
Package: fontaxes 2020/07/21 v1.0e Font selection axes
LaTeX Info: Redefining \upshape on input line 29.
LaTeX Info: Redefining \itshape on input line 31.
LaTeX Info: Redefining \slshape on input line 33.
LaTeX Info: Redefining \swshape on input line 35.
LaTeX Info: Redefining \scshape on input line 37.
LaTeX Info: Redefining \sscshape on input line 39.
LaTeX Info: Redefining \ulcshape on input line 41.
LaTeX Info: Redefining \textsw on input line 47.
LaTeX Info: Redefining \textssc on input line 48.
LaTeX Info: Redefining \textulc on input line 49.
)
\tx@sixem=\dimen194
\tx@y=\dimen195
\tx@x=\dimen196
\tx@tmpdima=\dimen197
\tx@tmpdimb=\dimen198
\tx@tmpdimc=\dimen199
\tx@tmpdimd=\dimen256
\tx@tmpdime=\dimen257
\tx@tmpdimf=\dimen258
\tx@dimA=\dimen259
\tx@dimAA=\dimen260
\tx@dimB=\dimen261
\tx@dimBB=\dimen262
\tx@dimC=\dimen263
LaTeX Info: Redefining \oldstylenums on input line 896.
)
(/usr/local/texlive/2024/texmf-dist/tex/latex/newtx/newtxmath.sty
Package: newtxmath 2024/03/06 v1.742

`newtxmath' v1.742, 2024/03/06 Math macros based originally on txfonts (msharpe
) (/usr/local/texlive/2024/texmf-dist/tex/latex/oberdiek/centernot.sty
Package: centernot 2016/05/16 v1.4 Centers the not symbol horizontally (HO)
)
\tx@cntz=\count336

(/usr/local/texlive/2024/texmf-dist/tex/generic/kastrup/binhex.tex)
\tx@Isdigit=\count337
\tx@IsAlNum=\count338
\tx@tA=\toks39
\tx@tB=\toks40
\tx@su=\read3

amsthm NOT loaded
LaTeX Font Info:    Redeclaring symbol font `operators' on input line 393.
LaTeX Font Info:    Overwriting symbol font `operators' in version `normal'
(Font)                  OT1/cmr/m/n --> OT1/minntx/m/n on input line 393.
LaTeX Font Info:    Overwriting symbol font `operators' in version `bold'
(Font)                  OT1/cmr/bx/n --> OT1/minntx/m/n on input line 393.
LaTeX Font Info:    Overwriting symbol font `operators' in version `bold'
(Font)                  OT1/minntx/m/n --> OT1/minntx/b/n on input line 394.
LaTeX Font Info:    Redeclaring math alphabet \mathsf on input line 401.
LaTeX Font Info:    Overwriting math alphabet `\mathsf' in version `normal'
(Font)                  OT1/cmss/m/n --> OT1/qhv/m/n on input line 401.
LaTeX Font Info:    Overwriting math alphabet `\mathsf' in version `bold'
(Font)                  OT1/cmss/bx/n --> OT1/qhv/m/n on input line 401.
LaTeX Font Info:    Overwriting math alphabet `\mathsf' in version `bold'
(Font)                  OT1/qhv/m/n --> OT1/qhv/b/n on input line 403.
LaTeX Font Info:    Redeclaring math alphabet \mathit on input line 410.
LaTeX Font Info:    Overwriting math alphabet `\mathit' in version `normal'
(Font)                  OT1/cmr/m/it --> OT1/minntx/m/it on input line 410.
LaTeX Font Info:    Overwriting math alphabet `\mathit' in version `bold'
(Font)                  OT1/cmr/bx/it --> OT1/minntx/m/it on input line 410.
LaTeX Font Info:    Redeclaring math alphabet \mathtt on input line 411.
LaTeX Font Info:    Overwriting math alphabet `\mathtt' in version `normal'
(Font)                  OT1/cmtt/m/n --> OT1/ntxtt/m/n on input line 411.
LaTeX Font Info:    Overwriting math alphabet `\mathtt' in version `bold'
(Font)                  OT1/cmtt/m/n --> OT1/ntxtt/m/n on input line 411.
LaTeX Font Info:    Redeclaring math alphabet \mathbf on input line 413.
LaTeX Font Info:    Overwriting math alphabet `\mathbf' in version `normal'
(Font)                  OT1/cmr/bx/n --> OT1/minntx/b/n on input line 413.
LaTeX Font Info:    Overwriting math alphabet `\mathbf' in version `bold'
(Font)                  OT1/cmr/bx/n --> OT1/minntx/b/n on input line 413.
LaTeX Font Info:    Overwriting math alphabet `\mathit' in version `bold'
(Font)                  OT1/minntx/m/it --> OT1/minntx/b/it on input line 414.
LaTeX Font Info:    Overwriting math alphabet `\mathtt' in version `bold'
(Font)                  OT1/ntxtt/m/n --> OT1/ntxtt/b/n on input line 417.
LaTeX Font Info:    Redeclaring symbol font `letters' on input line 519.
LaTeX Font Info:    Overwriting symbol font `letters' in version `normal'
(Font)                  OML/cmm/m/it --> OML/ntxmi/m/it on input line 519.
LaTeX Font Info:    Overwriting symbol font `letters' in version `bold'
(Font)                  OML/cmm/b/it --> OML/ntxmi/m/it on input line 519.
LaTeX Font Info:    Overwriting symbol font `letters' in version `bold'
(Font)                  OML/ntxmi/m/it --> OML/ntxmi/b/it on input line 520.
\symlettersA=\mathgroup6
LaTeX Font Info:    Overwriting symbol font `lettersA' in version `bold'
(Font)                  U/ntxmia/m/it --> U/ntxmia/b/it on input line 565.
LaTeX Font Info:    Redeclaring math alphabet \mathfrak on input line 567.
Now handling font encoding LMS ...
... no UTF-8 mapping file for font encoding LMS
LaTeX Font Info:    Redeclaring symbol font `symbols' on input line 587.
LaTeX Font Info:    Encoding `OMS' has changed to `LMS' for symbol font
(Font)              `symbols' in the math version `normal' on input line 587.
LaTeX Font Info:    Overwriting symbol font `symbols' in version `normal'
(Font)                  OMS/cmsy/m/n --> LMS/ntxsy/m/n on input line 587.
LaTeX Font Info:    Encoding `OMS' has changed to `LMS' for symbol font
(Font)              `symbols' in the math version `bold' on input line 587.
LaTeX Font Info:    Overwriting symbol font `symbols' in version `bold'
(Font)                  OMS/cmsy/b/n --> LMS/ntxsy/m/n on input line 587.
LaTeX Font Info:    Overwriting symbol font `symbols' in version `bold'
(Font)                  LMS/ntxsy/m/n --> LMS/ntxsy/b/n on input line 588.
\symAMSm=\mathgroup7
LaTeX Font Info:    Overwriting symbol font `AMSm' in version `bold'
(Font)                  U/ntxsym/m/n --> U/ntxsym/b/n on input line 613.
\symsymbolsC=\mathgroup8
LaTeX Font Info:    Overwriting symbol font `symbolsC' in version `bold'
(Font)                  U/ntxsyc/m/n --> U/ntxsyc/b/n on input line 634.
Now handling font encoding LMX ...
... no UTF-8 mapping file for font encoding LMX
LaTeX Font Info:    Redeclaring symbol font `largesymbols' on input line 647.
LaTeX Font Info:    Encoding `OMX' has changed to `LMX' for symbol font
(Font)              `largesymbols' in the math version `normal' on input line 6
47.
LaTeX Font Info:    Overwriting symbol font `largesymbols' in version `normal'
(Font)                  OMX/cmex/m/n --> LMX/ntxexx/m/n on input line 647.
LaTeX Font Info:    Encoding `OMX' has changed to `LMX' for symbol font
(Font)              `largesymbols' in the math version `bold' on input line 647
.
LaTeX Font Info:    Overwriting symbol font `largesymbols' in version `bold'
(Font)                  OMX/cmex/m/n --> LMX/ntxexx/m/n on input line 647.
LaTeX Font Info:    Overwriting symbol font `largesymbols' in version `bold'
(Font)                  LMX/ntxexx/m/n --> LMX/ntxexx/b/n on input line 648.
\symlargesymbolsTXA=\mathgroup9
LaTeX Font Info:    Overwriting symbol font `largesymbolsTXA' in version `bold'

(Font)                  U/ntxexa/m/n --> U/ntxexa/b/n on input line 662.
\tx@sbptoks=\toks41
LaTeX Font Info:    Redeclaring math delimiter \lfloor on input line 885.
LaTeX Font Info:    Redeclaring math delimiter \rfloor on input line 886.
LaTeX Font Info:    Redeclaring math delimiter \lceil on input line 887.
LaTeX Font Info:    Redeclaring math delimiter \rceil on input line 888.
LaTeX Font Info:    Redeclaring math delimiter \lbrace on input line 893.
LaTeX Font Info:    Redeclaring math delimiter \rbrace on input line 894.
LaTeX Font Info:    Redeclaring math delimiter \langle on input line 896.
LaTeX Font Info:    Redeclaring math delimiter \rangle on input line 898.
LaTeX Font Info:    Redeclaring math delimiter \arrowvert on input line 902.
LaTeX Font Info:    Redeclaring math delimiter \vert on input line 903.
LaTeX Font Info:    Redeclaring math accent \dot on input line 974.
LaTeX Font Info:    Redeclaring math accent \ddot on input line 975.
LaTeX Font Info:    Redeclaring math accent \vec on input line 2048.
LaTeX Info: Redefining \Bbbk on input line 2838.
LaTeX Info: Redefining \not on input line 2986.
) (/usr/local/texlive/2024/texmf-dist/tex/latex/psnfss/helvet.sty
Package: helvet 2020/03/25 PSNFSS-v9.3 (WaS) 
)
(/usr/local/texlive/2024/texmf-dist/tex/latex/titlesec/titlesec.sty
Package: titlesec 2023/10/27 v2.16 Sectioning titles
\ttl@box=\box85
\beforetitleunit=\skip76
\aftertitleunit=\skip77
\ttl@plus=\dimen264
\ttl@minus=\dimen265
\ttl@toksa=\toks42
\titlewidth=\dimen266
\titlewidthlast=\dimen267
\titlewidthfirst=\dimen268
)
(/usr/local/texlive/2024/texmf-dist/tex/latex/notes2bib/notes2bib.sty
Package: notes2bib 2019-09-28 v2.0m Integrating notes into the bibliography
\g__notestobib_note_int=\count339
\g__notestobib_previous_notes_int=\count340
\g__notestobib_total_notes_int=\count341
)
Class revtex4-1 Info: Unrecognized array package. Please update this document c
lass! (Proceeding with fingers crossed.) on input line 89.
Class revtex4-1 Info: cite was not loaded (OK!) on input line 89.
Class revtex4-1 Info: mcite was not loaded (OK!) on input line 89.
Class revtex4-1 Info: multicol was not loaded (OK!) on input line 89.
Package translations Info: No language package found. I am going to use `englis
h' as default language. on input line 89.
LaTeX Font Info:    Trying to load font information for OT1+ntxtlf on input lin
e 89.

(/usr/local/texlive/2024/texmf-dist/tex/latex/newtx/ot1ntxtlf.fd
File: ot1ntxtlf.fd 2021/05/24 v1.0 font definition file for OT1/ntx/tlf
)
LaTeX Font Info:    Font shape `OT1/ntxtlf/m/n' will be
(Font)              scaled to size 10.0pt on input line 89.
 (./sqite.aux)
\openout1 = `sqite.aux'.

LaTeX Font Info:    Checking defaults for OML/ntxmi/m/it on input line 89.
LaTeX Font Info:    Trying to load font information for OML+ntxmi on input line
 89.
(/usr/local/texlive/2024/texmf-dist/tex/latex/newtx/omlntxmi.fd
File: omlntxmi.fd 2015/08/25 Fontinst v1.933 font definitions for OML/ntxmi.
)
LaTeX Font Info:    ... okay on input line 89.
LaTeX Font Info:    Checking defaults for OMS/cmsy/m/n on input line 89.
LaTeX Font Info:    ... okay on input line 89.
LaTeX Font Info:    Checking defaults for OT1/cmr/m/n on input line 89.
LaTeX Font Info:    ... okay on input line 89.
LaTeX Font Info:    Checking defaults for T1/cmr/m/n on input line 89.
LaTeX Font Info:    ... okay on input line 89.
LaTeX Font Info:    Checking defaults for TS1/cmr/m/n on input line 89.
LaTeX Font Info:    ... okay on input line 89.
LaTeX Font Info:    Checking defaults for OMX/cmex/m/n on input line 89.
LaTeX Font Info:    ... okay on input line 89.
LaTeX Font Info:    Checking defaults for U/ntxexa/m/n on input line 89.
LaTeX Font Info:    Trying to load font information for U+ntxexa on input line 
89.

(/usr/local/texlive/2024/texmf-dist/tex/latex/newtx/untxexa.fd
File: untxexa.fd 2012/04/16 Fontinst v1.933 font definitions for U/ntxexa.
)
LaTeX Font Info:    ... okay on input line 89.
LaTeX Font Info:    Checking defaults for PD1/pdf/m/n on input line 89.
LaTeX Font Info:    ... okay on input line 89.
LaTeX Font Info:    Checking defaults for PU/pdf/m/n on input line 89.
LaTeX Font Info:    ... okay on input line 89.
LaTeX Font Info:    Checking defaults for LMS/ntxsy/m/n on input line 89.
LaTeX Font Info:    Trying to load font information for LMS+ntxsy on input line
 89.

(/usr/local/texlive/2024/texmf-dist/tex/latex/newtx/lmsntxsy.fd
File: lmsntxsy.fd 2016/07/02 Fontinst v1.933 font definitions for LMS/ntxsy.
)
LaTeX Font Info:    ... okay on input line 89.
LaTeX Font Info:    Checking defaults for LMX/ntxexx/m/n on input line 89.
LaTeX Font Info:    Trying to load font information for LMX+ntxexx on input lin
e 89.

(/usr/local/texlive/2024/texmf-dist/tex/latex/newtx/lmxntxexx.fd
File: lmxntxexx.fd 2016/07/03 Fontinst v1.933 font definitions for LMX/ntxexx.
)
LaTeX Font Info:    ... okay on input line 89.
LaTeX Info: Command `\dddot' is already robust on input line 89.
LaTeX Info: Command `\ddddot' is already robust on input line 89.

(/usr/local/texlive/2024/texmf-dist/tex/context/base/mkii/supp-pdf.mkii
[Loading MPS to PDF converter (version 2006.09.02).]
\scratchcounter=\count342
\scratchdimen=\dimen269
\scratchbox=\box86
\nofMPsegments=\count343
\nofMParguments=\count344
\everyMPshowfont=\toks43
\MPscratchCnt=\count345
\MPscratchDim=\dimen270
\MPnumerator=\count346
\makeMPintoPDFobject=\count347
\everyMPtoPDFconversion=\toks44
) (/usr/local/texlive/2024/texmf-dist/tex/latex/epstopdf-pkg/epstopdf-base.sty
Package: epstopdf-base 2020-01-24 v2.11 Base part for package epstopdf

(/usr/local/texlive/2024/texmf-dist/tex/latex/grfext/grfext.sty
Package: grfext 2019/12/03 v1.3 Manage graphics extensions (HO)
)
Package epstopdf-base Info: Redefining graphics rule for `.eps' on input line 4
85.
Package grfext Info: Graphics extension search list:
(grfext)             [.pdf,.png,.jpg,.mps,.jpeg,.jbig2,.jb2,.PDF,.PNG,.JPG,.JPE
G,.JBIG2,.JB2,.eps]
(grfext)             \AppendGraphicsExtensions on input line 504.

(/usr/local/texlive/2024/texmf-dist/tex/latex/latexconfig/epstopdf-sys.cfg
File: epstopdf-sys.cfg 2010/07/13 v1.3 Configuration of (r)epstopdf for TeX Liv
e
))

Package chemgreek Info: Activating mapping `newtx' on line 89.


(/usr/local/texlive/2024/texmf-dist/tex/latex/translations/translations-basic-d
ictionary-english.trsl
File: translations-basic-dictionary-english.trsl (english translation file `tra
nslations-basic-dictionary')
)
Package translations Info: loading dictionary `translations-basic-dictionary' f
or `english'. on input line 89.
Package hyperref Info: Link coloring ON on input line 89.
 (./sqite.out) (./sqite.out)
\@outlinefile=\write4
\openout4 = `sqite.out'.

\c@mv@tabular=\count348
\c@mv@boldtabular=\count349
Class revtex4-1 Info: Taking \maketitle back from hyperref on input line 89.
Class revtex4-1 Info: Overriding lineo.sty, restoring output routine, on input 
line 89.
Class revtex4-1 Info: Line numbering not turned on yet on input line 89.
\openout3 = `sqiteNotes.bib'.

Class revtex4-1 Info: Overriding \@LN@LLerror on input line 89.
LaTeX Font Info:    Font shape `OT1/ntxtlf/m/n' will be
(Font)              scaled to size 14.4pt on input line 104.
LaTeX Font Info:    Trying to load font information for OT1+phv on input line 1
04.

(/usr/local/texlive/2024/texmf-dist/tex/latex/psnfss/ot1phv.fd
File: ot1phv.fd 2020/03/25 scalable font definitions for OT1/phv.
)
LaTeX Font Info:    Font shape `OT1/phv/m/n' will be
(Font)              scaled to size 14.4pt on input line 104.
LaTeX Font Info:    Font shape `OT1/phv/b/n' will be
(Font)              scaled to size 14.4pt on input line 104.
LaTeX Font Info:    Font shape `OT1/phv/m/n' will be
(Font)              scaled to size 10.0pt on input line 104.
LaTeX Font Info:    Trying to load font information for OT1+minntx on input lin
e 104.

(/usr/local/texlive/2024/texmf-dist/tex/latex/newtx/ot1minntx.fd
File: ot1minntx.fd 2023/09/09 v1.1 font definition file for OT1/minntx
)
LaTeX Font Info:    Trying to load font information for U+msa on input line 104
.

(/usr/local/texlive/2024/texmf-dist/tex/latex/amsfonts/umsa.fd
File: umsa.fd 2013/01/14 v3.01 AMS symbols A
)
LaTeX Font Info:    Trying to load font information for U+msb on input line 104
.

(/usr/local/texlive/2024/texmf-dist/tex/latex/amsfonts/umsb.fd
File: umsb.fd 2013/01/14 v3.01 AMS symbols B
)
LaTeX Font Info:    Trying to load font information for U+ntxmia on input line 
104.

(/usr/local/texlive/2024/texmf-dist/tex/latex/newtx/untxmia.fd
File: untxmia.fd 2018/04/14 Fontinst v1.933 font definitions for U/ntxmia.
)
LaTeX Font Info:    Trying to load font information for U+ntxsym on input line 
104.

(/usr/local/texlive/2024/texmf-dist/tex/latex/newtx/untxsym.fd
File: untxsym.fd 2023/08/16 Fontinst v1.933 font definitions for U/ntxsym.
)
LaTeX Font Info:    Trying to load font information for U+ntxsyc on input line 
104.

(/usr/local/texlive/2024/texmf-dist/tex/latex/newtx/untxsyc.fd
File: untxsyc.fd 2012/04/12 Fontinst v1.933 font definitions for U/ntxsyc.
)
LaTeX Font Info:    Font shape `OT1/phv/m/n' will be
(Font)              scaled to size 7.3pt on input line 104.
LaTeX Font Info:    Font shape `OT1/ntxtlf/m/n' will be
(Font)              scaled to size 7.3pt on input line 104.
LaTeX Font Info:    Font shape `OT1/ntxtlf/m/n' will be
(Font)              scaled to size 9.0pt on input line 104.
LaTeX Font Info:    Font shape `OT1/ntxtlf/m/it' will be
(Font)              scaled to size 9.0pt on input line 104.
LaTeX Font Info:    Font shape `OT1/ntxtlf/m/n' will be
(Font)              scaled to size 8.0pt on input line 104.
LaTeX Font Info:    Font shape `OT1/ntxtlf/m/n' will be
(Font)              scaled to size 6.2pt on input line 104.
LaTeX Font Info:    Font shape `OT1/phv/b/n' will be
(Font)              scaled to size 10.0pt on input line 106.
LaTeX Font Info:    Font shape `OT1/ntxtlf/b/n' will be
(Font)              scaled to size 7.3pt on input line 109.


Package natbib Warning: Citation `9' on page 1 undefined on input line 109.


Package natbib Warning: Citation `10' on page 1 undefined on input line 109.


Package natbib Warning: Citation `9' on page 1 undefined on input line 110.


Package natbib Warning: Citation `10' on page 1 undefined on input line 110.


Package natbib Warning: Citation `1' on page 1 undefined on input line 111.


Package natbib Warning: Citation `2' on page 1 undefined on input line 111.


Package natbib Warning: Citation `3' on page 1 undefined on input line 111.


Package natbib Warning: Citation `4' on page 1 undefined on input line 111.


Package natbib Warning: Citation `4' on page 1 undefined on input line 113.


Package natbib Warning: Citation `5' on page 1 undefined on input line 113.


Package natbib Warning: Citation `6' on page 1 undefined on input line 113.


Package natbib Warning: Citation `7' on page 1 undefined on input line 113.


Package natbib Warning: Citation `1' on page 1 undefined on input line 113.


Package natbib Warning: Citation `2' on page 1 undefined on input line 113.


Package natbib Warning: Citation `3' on page 1 undefined on input line 113.


Package natbib Warning: Citation `8' on page 1 undefined on input line 113.


Package natbib Warning: Citation `9' on page 1 undefined on input line 113.


Package natbib Warning: Citation `10' on page 1 undefined on input line 113.


Package natbib Warning: Citation `11' on page 1 undefined on input line 114.


Package natbib Warning: Citation `12-18' on page 1 undefined on input line 114.



Package natbib Warning: Citation `19-28' on page 1 undefined on input line 114.



Package natbib Warning: Citation `29-35' on page 1 undefined on input line 114.



Package natbib Warning: Citation `36-44' on page 1 undefined on input line 114.



Package natbib Warning: Citation `46-56' on page 1 undefined on input line 114.



Package natbib Warning: Citation `57-60' on page 1 undefined on input line 114.



Package natbib Warning: Citation `61' on page 1 undefined on input line 114.


Package natbib Warning: Citation `62' on page 1 undefined on input line 114.


Package natbib Warning: Citation `4' on page 1 undefined on input line 142.


Package natbib Warning: Citation `5' on page 1 undefined on input line 142.


Package natbib Warning: Citation `6' on page 1 undefined on input line 145.


Package natbib Warning: Citation `7-9' on page 1 undefined on input line 145.


Package natbib Warning: Citation `10-13' on page 1 undefined on input line 145.



Package natbib Warning: Citation `14-16' on page 1 undefined on input line 145.



Package natbib Warning: Citation `25-32' on page 1 undefined on input line 146.



Package natbib Warning: Citation `17' on page 1 undefined on input line 146.


Package natbib Warning: Citation `Gacon2023SAQITE' on page 1 undefined on input
 line 149.


Package natbib Warning: Citation `Alam2023MaxCut' on page 1 undefined on input 
line 149.


Package natbib Warning: Citation `Pocrnic2023CQdrift' on page 1 undefined on in
put line 150.


Package natbib Warning: Citation `Hagan2023CompositeQS' on page 1 undefined on 
input line 150.


Package natbib Warning: Citation `Li2024NuclearQITE' on page 1 undefined on inp
ut line 151.


Package natbib Warning: Citation `Tsuchimochi2023Improved' on page 1 undefined 
on input line 151.


Package natbib Warning: Citation `Huang2023Drift' on page 1 undefined on input 
line 152.


Package natbib Warning: Citation `Gomes2021AVQITE' on page 1 undefined on input
 line 153.


Package natbib Warning: Citation `Cao2022RLQITE' on page 1 undefined on input l
ine 153.

LaTeX Font Info:    Font shape `OT1/ntxtlf/b/n' will be
(Font)              scaled to size 10.0pt on input line 157.

LaTeX Warning: Reference `Gomes2021AVQITE' on page 1 undefined on input line 15
7.

LaTeX Font Info:    Font shape `OT1/ntxtlf/m/it' will be
(Font)              scaled to size 10.0pt on input line 157.

Package natbib Warning: Citation `17' on page 1 undefined on input line 157.


Package natbib Warning: Citation `19' on page 1 undefined on input line 157.


Package natbib Warning: Citation `21' on page 1 undefined on input line 157.


Package natbib Warning: Citation `24' on page 1 undefined on input line 157.

[1{/usr/local/texlive/2024/texmf-var/fonts/map/pdftex/updmap/pdftex.map}{/usr/l
ocal/texlive/2024/texmf-dist/fonts/enc/dvips/base/8r.enc}{/usr/local/texlive/20
24/texmf-dist/fonts/enc/dvips/newtx/ntx-ot1-tlf.enc}]
LaTeX Font Info:    Trying to load font information for TS1+ntxtlf on input lin
e 173.

(/usr/local/texlive/2024/texmf-dist/tex/latex/newtx/ts1ntxtlf.fd
File: ts1ntxtlf.fd 2015/01/18 v1.0 fd file for TS1/ntxtlf
)
LaTeX Font Info:    Font shape `TS1/ntxtlf/m/n' will be
(Font)              scaled to size 10.0pt on input line 173.


Package natbib Warning: Citation `crawford2000introduction' on page 2 undefined
 on input line 209.

[2{/usr/local/texlive/2024/texmf-dist/fonts/enc/dvips/tex-gyre/q-ts1.enc}]
Overfull \hbox (13.05243pt too wide) detected at line 280
[][][]\LMS/ntxsy/m/n/10 F[]¹[]º \U/ntxmia/m/it/10 = [] \OML/ntxmi/m/it/10 [][
] [] [][] [] \LMS/ntxsy/m/n/10 ^^@ [] \OML/ntxmi/m/it/10 []i [] \LMS/ntxsy/m/n
/10 »[]\OML/ntxmi/m/it/10 ; []\LMS/ntxsy/m/n/10 ¼ [] \OML/ntxmi/m/it/10 :
 []


Package natbib Warning: Citation `foldedSpectrumRefs' on page 3 undefined on in
put line 312.

[3]

Package natbib Warning: Citation `selectedCI' on page 4 undefined on input line
 417.

./sqite.tex:432: Missing { inserted.
<to be read again> 
                   \let 
l.432 ...uld be added to $ \tilde{\mathcal{P}}_\rm
                                                  {sq}$ if measuring each qu...

? 
./sqite.tex:432: Missing } inserted.
<inserted text> 
                }
l.432 ...e added to $ \tilde{\mathcal{P}}_\rm{sq}$
                                                   if measuring each qubit (...

? 

LaTeX Warning: File `residual_vs_parameter_distribution.pdf' not found on input
 line 443.


./sqite.tex:443: Package pdftex.def Error: File `residual_vs_parameter_distribu
tion.pdf' not found: using draft setting.

See the pdftex.def package documentation for explanation.
Type  H <return>  for immediate help.
 ...                                              
                                                  
l.443 ...]{residual_vs_parameter_distribution.pdf}
                                                  
? 
LaTeX Font Info:    Trying to load font information for OT1+ntxtt on input line
 443.
(/usr/local/texlive/2024/texmf-dist/tex/latex/newtx/ot1ntxtt.fd
File: ot1ntxtt.fd 2012/04/20 v3.1
)
LaTeX Font Info:    Font shape `OT1/ntxtt/m/n' will be
(Font)              scaled to size 9.0pt on input line 443.


LaTeX Warning: `!h' float specifier changed to `!ht'.

[4]

LaTeX Warning: A float is stuck (cannot be placed); try class option [floatfix]
 on input line 451.


LaTeX Warning: Reference `sec:aqite_alg_overview' on page 5 undefined on input 
line 452.


Overfull \hbox (8.81578pt too wide) detected at line 482
[][][][]  \U/ntxmia/m/it/10 =  [] []\LMS/ntxsy/m/n/10 ¹\U/ntxmia/m/it/10 ^^A\OM
L/ntxmi/m/it/10 ^^L\LMS/ntxsy/m/n/10 º[] []  \U/ntxmia/m/it/10 =  [] [] \OML/nt
xmi/m/it/10 e[] [] :
 []


Package natbib Warning: Citation `huang2020predicting' on page 5 undefined on i
nput line 518.

[5]
LaTeX Font Info:    Font shape `OT1/ntxtlf/m/n' will be
(Font)              scaled to size 5.5pt on input line 527.
 (./sqite.bbl
LaTeX Font Info:    Font shape `OT1/ntxtlf/b/n' will be
(Font)              scaled to size 8.0pt on input line 60.
)

Package natbib Warning: There were undefined citations.

[6] (./sqite.aux)
 ***********
LaTeX2e <2023-11-01> patch level 1
L3 programming layer <2020/03/25>
 ***********


LaTeX Warning: There were undefined references.

Package rerunfilecheck Info: File `sqite.out' has not changed.
(rerunfilecheck)             Checksum: 4B86057D7496A1E89DA69725138D20B0;2398.
 ) 
Here is how much of TeX's memory you used:
 22295 strings out of 474116
 406586 string characters out of 5743682
 1965187 words of memory out of 5000000
 44213 multiletter control sequences out of 15000+600000
 627308 words of font info for 180 fonts, out of 8000000 for 9000
 1141 hyphenation exceptions out of 8191
 73i,14n,80p,2070b,1008s stack positions out of 10000i,1000n,20000p,200000b,200000s
</usr/local/texlive/2024/texmf-dist/fonts/type1/public/newtx/NewTXBMI.pfb></u
sr/local/texlive/2024/texmf-dist/fonts/type1/public/newtx/NewTXBMI7.pfb></usr/l
ocal/texlive/2024/texmf-dist/fonts/type1/public/newtx/NewTXMI.pfb></usr/local/t
exlive/2024/texmf-dist/fonts/type1/public/newtx/NewTXMI5.pfb></usr/local/texliv
e/2024/texmf-dist/fonts/type1/public/newtx/NewTXMI7.pfb></usr/local/texlive/202
4/texmf-dist/fonts/type1/public/tex-gyre/qtmr.pfb></usr/local/texlive/2024/texm
f-dist/fonts/type1/public/newtx/txexs.pfb></usr/local/texlive/2024/texmf-dist/f
onts/type1/public/newtx/txmiaX.pfb></usr/local/texlive/2024/texmf-dist/fonts/ty
pe1/public/newtx/txsys.pfb></usr/local/texlive/2024/texmf-dist/fonts/type1/publ
ic/txfonts/txtt.pfb></usr/local/texlive/2024/texmf-dist/fonts/type1/urw/helveti
c/uhvb8a.pfb></usr/local/texlive/2024/texmf-dist/fonts/type1/urw/helvetic/uhvr8
a.pfb></usr/local/texlive/2024/texmf-dist/fonts/type1/public/newtx/ztmb.pfb></u
sr/local/texlive/2024/texmf-dist/fonts/type1/public/newtx/ztmr.pfb></usr/local/
texlive/2024/texmf-dist/fonts/type1/public/newtx/ztmri.pfb>
Output written on sqite.pdf (6 pages, 239873 bytes).
PDF statistics:
 232 PDF objects out of 1000 (max. 8388607)
 191 compressed objects within 2 object streams
 60 named destinations out of 1000 (max. 500000)
 97 words of extra memory for PDF output out of 10000 (max. 10000000)

